{"level":"info","message":"Server is running on port 5000","timestamp":"2025-08-04 09:49:01"}
{"level":"info","message":"Server is running on port 5000","timestamp":"2025-08-04 09:49:05"}
{"level":"info","message":"Server is running on port 5000","timestamp":"2025-08-04 09:49:13"}
{"level":"info","message":"Server is running on port 5000","timestamp":"2025-08-04 09:49:17"}
{"level":"info","message":"Server is running on port 5000","timestamp":"2025-08-04 09:49:27"}
{"level":"info","message":"Server is running on port 5000","timestamp":"2025-08-04 09:49:36"}
{"level":"info","message":"Server is running on port 5000","timestamp":"2025-08-04 09:50:41"}
{"level":"info","message":"Server is running on port 5000","timestamp":"2025-08-04 09:50:46"}
{"level":"info","message":"Server is running on port 5000","timestamp":"2025-08-04 09:50:52"}
{"address":"::","code":"EADDRINUSE","errno":-98,"level":"error","message":"Server failed to start: listen EADDRINUSE: address already in use :::5000","port":5000,"stack":"Error: listen EADDRINUSE: address already in use :::5000\n    at Server.setupListenHandle [as _listen2] (node:net:1908:16)\n    at listenInCluster (node:net:1965:12)\n    at Server.listen (node:net:2067:7)\n    at Function.listen (/home/yatharthDev/fileforge-backend/node_modules/express/lib/application.js:605:24)\n    at Object.<anonymous> (/home/yatharthDev/fileforge-backend/src/index.js:41:4)\n    at Module._compile (node:internal/modules/cjs/loader:1529:14)\n    at Module._extensions..js (node:internal/modules/cjs/loader:1613:10)\n    at Module.load (node:internal/modules/cjs/loader:1275:32)\n    at Module._load (node:internal/modules/cjs/loader:1096:12)\n    at Function.executeUserEntryPoint [as runMain] (node:internal/modules/run_main:164:12)","syscall":"listen","timestamp":"2025-08-04 09:50:52"}
{"level":"info","message":"Server is running on port 5000","timestamp":"2025-08-04 09:51:08"}
{"level":"info","message":"Server is running on port 5000","timestamp":"2025-08-04 09:51:56"}
{"level":"info","message":"Server is running on port 5000","timestamp":"2025-08-04 09:52:39"}
{"level":"info","message":"Server is running on port 5000","timestamp":"2025-08-04 09:52:59"}
{"level":"info","message":"Server is running on port 5000","timestamp":"2025-08-04 09:53:35"}
{"level":"info","message":"Server is running on port 5000","timestamp":"2025-08-04 09:54:14"}
{"level":"info","message":"Server is running on port 5000","timestamp":"2025-08-04 09:54:37"}
{"level":"info","message":"Logger initialized in development mode","timestamp":"2025-08-04 09:54:43"}
{"level":"info","message":"Server is running on port 5000","timestamp":"2025-08-04 09:54:43"}
{"level":"info","message":"Logger initialized in development mode","timestamp":"2025-08-04 09:54:55"}
{"level":"info","message":"Server is running on port 5000","timestamp":"2025-08-04 09:54:55"}
{"level":"info","message":"Logger initialized in development mode","timestamp":"2025-08-04 09:55:00"}
{"level":"info","message":"Server is running on port 5000","timestamp":"2025-08-04 09:55:00"}
{"level":"info","message":"Logger initialized in development mode","timestamp":"2025-08-04 09:55:03"}
{"level":"info","message":"Server is running on port 5000","timestamp":"2025-08-04 09:55:04"}
{"level":"info","message":"Logger initialized in development mode","timestamp":"2025-08-04 09:55:15"}
{"level":"info","message":"Server is running on port 5000","timestamp":"2025-08-04 09:55:16"}
{"ip":"::1","level":"info","message":"Incoming GET request","path":"/api/get-files","query":{},"timestamp":"2025-08-04 09:55:31","userAgent":"PostmanRuntime/7.44.1"}
{"level":"info","message":"Outgoing response for GET","path":"/get-files","responseTime":105,"statusCode":200,"timestamp":"2025-08-04 09:55:31"}
{"level":"info","message":"Logger initialized in development mode","timestamp":"2025-08-04 09:55:46"}
{"level":"info","message":"Server is running on port 5000","timestamp":"2025-08-04 09:55:46"}
{"ip":"::1","level":"info","message":"Incoming GET request","path":"/api/download/2fbb87d5-1f8f-4401-8711-85e0fa27a835","query":{},"timestamp":"2025-08-04 09:55:50","userAgent":"PostmanRuntime/7.44.1"}
{"level":"info","message":"Outgoing response for GET","path":"/download/2fbb87d5-1f8f-4401-8711-85e0fa27a835","responseTime":71,"statusCode":500,"timestamp":"2025-08-04 09:55:50"}
{"level":"info","message":"Logger initialized in development mode","timestamp":"2025-08-04 09:56:15"}
{"level":"info","message":"Server is running on port 5000","timestamp":"2025-08-04 09:56:15"}
{"level":"info","message":"Logger initialized in development mode","timestamp":"2025-08-04 09:56:34"}
{"level":"info","message":"Server is running on port 5000","timestamp":"2025-08-04 09:56:34"}
{"level":"info","message":"Logger initialized in development mode","timestamp":"2025-08-04 09:56:41"}
{"level":"info","message":"Server is running on port 5000","timestamp":"2025-08-04 09:56:41"}
{"level":"info","message":"Logger initialized in development mode","timestamp":"2025-08-04 09:56:43"}
{"level":"info","message":"Server is running on port 5000","timestamp":"2025-08-04 09:56:43"}
{"ip":"::1","level":"info","message":"Incoming GET request","path":"/api/download/2fbb87d5-1f8f-4401-8711-85e0fa27a835","query":{},"timestamp":"2025-08-04 09:56:46","userAgent":"PostmanRuntime/7.44.1"}
{"ip":"::ffff:127.0.0.1","level":"info","message":"Incoming GET request","path":"/api/get-files","query":{"limit":"12","page":"1"},"timestamp":"2025-08-04 09:58:01","userAgent":"Mozilla/5.0 (X11; Linux x86_64; rv:142.0) Gecko/20100101 Firefox/142.0"}
{"level":"info","message":"Outgoing response for GET","path":"/get-files","responseTime":12,"statusCode":200,"timestamp":"2025-08-04 09:58:01"}
{"level":"info","message":"Logger initialized in development mode","timestamp":"2025-08-04 10:01:52"}
{"level":"info","message":"Server is running on port 5000","timestamp":"2025-08-04 10:01:53"}
{"ip":"::1","level":"info","message":"Incoming GET request","path":"/api/download/2fbb87d5-1f8f-4401-8711-85e0fa27a835","query":{},"timestamp":"2025-08-04 10:01:57","userAgent":"PostmanRuntime/7.44.1"}
{"level":"info","message":"Outgoing response for GET","path":"/download/2fbb87d5-1f8f-4401-8711-85e0fa27a835","responseTime":67,"statusCode":500,"timestamp":"2025-08-04 10:01:57"}
{"level":"info","message":"Logger initialized in development mode","timestamp":"2025-08-04 10:03:20"}
{"level":"info","message":"Server is running on port 5000","timestamp":"2025-08-04 10:03:21"}
{"level":"info","message":"Logger initialized in development mode","timestamp":"2025-08-04 10:03:22"}
{"level":"info","message":"Server is running on port 5000","timestamp":"2025-08-04 10:03:23"}
{"ip":"::1","level":"info","message":"Incoming GET request","path":"/api/download/2fbb87d5-1f8f-4401-8711-85e0fa27a835","query":{},"timestamp":"2025-08-04 10:03:27","userAgent":"PostmanRuntime/7.44.1"}
{"ip":"::ffff:127.0.0.1","level":"info","message":"Incoming GET request","path":"/api/auth/user","query":{},"timestamp":"2025-08-04 10:03:41","userAgent":"Mozilla/5.0 (X11; Linux x86_64; rv:142.0) Gecko/20100101 Firefox/142.0"}
{"level":"info","message":"Outgoing response for GET","path":"/user","responseTime":70,"statusCode":200,"timestamp":"2025-08-04 10:03:41"}
{"ip":"::ffff:127.0.0.1","level":"info","message":"Incoming GET request","path":"/api/auth/user","query":{},"timestamp":"2025-08-04 10:03:41","userAgent":"Mozilla/5.0 (X11; Linux x86_64; rv:142.0) Gecko/20100101 Firefox/142.0"}
{"level":"info","message":"Outgoing response for GET","path":"/user","responseTime":6,"statusCode":200,"timestamp":"2025-08-04 10:03:41"}
{"ip":"::ffff:127.0.0.1","level":"info","message":"Incoming GET request","path":"/api/get-files","query":{"limit":"12","page":"1"},"timestamp":"2025-08-04 10:03:41","userAgent":"Mozilla/5.0 (X11; Linux x86_64; rv:142.0) Gecko/20100101 Firefox/142.0"}
{"level":"info","message":"Outgoing response for GET","path":"/get-files","responseTime":9,"statusCode":200,"timestamp":"2025-08-04 10:03:41"}
{"ip":"::ffff:127.0.0.1","level":"info","message":"Incoming GET request","path":"/api/get-files","query":{"limit":"12","page":"1"},"timestamp":"2025-08-04 10:03:41","userAgent":"Mozilla/5.0 (X11; Linux x86_64; rv:142.0) Gecko/20100101 Firefox/142.0"}
{"level":"info","message":"Outgoing response for GET","path":"/get-files","responseTime":11,"statusCode":200,"timestamp":"2025-08-04 10:03:41"}
{"ip":"::ffff:127.0.0.1","level":"info","message":"Incoming GET request","path":"/api/download/2fbb87d5-1f8f-4401-8711-85e0fa27a835","query":{},"timestamp":"2025-08-04 10:03:44","userAgent":"Mozilla/5.0 (X11; Linux x86_64; rv:142.0) Gecko/20100101 Firefox/142.0"}
{"ip":"::ffff:127.0.0.1","level":"info","message":"Incoming GET request","path":"/api/download/583057e0-c9b2-4e22-9776-c3e3c42cac88","query":{},"timestamp":"2025-08-04 10:03:48","userAgent":"Mozilla/5.0 (X11; Linux x86_64; rv:142.0) Gecko/20100101 Firefox/142.0"}
{"ip":"::ffff:127.0.0.1","level":"info","message":"Incoming GET request","path":"/api/download/583057e0-c9b2-4e22-9776-c3e3c42cac88","query":{},"timestamp":"2025-08-04 10:04:01","userAgent":"Mozilla/5.0 (X11; Linux x86_64; rv:142.0) Gecko/20100101 Firefox/142.0"}
{"ip":"::ffff:127.0.0.1","level":"info","message":"Incoming GET request","path":"/api/download/583057e0-c9b2-4e22-9776-c3e3c42cac88","query":{},"timestamp":"2025-08-04 10:04:24","userAgent":"Mozilla/5.0 (X11; Linux x86_64; rv:142.0) Gecko/20100101 Firefox/142.0"}
{"level":"info","message":"Logger initialized in development mode","timestamp":"2025-08-04 10:05:15"}
{"level":"info","message":"Server is running on port 5000","timestamp":"2025-08-04 10:05:16"}
{"level":"info","message":"Logger initialized in development mode","timestamp":"2025-08-04 10:05:17"}
{"level":"info","message":"Server is running on port 5000","timestamp":"2025-08-04 10:05:17"}
{"ip":"::ffff:127.0.0.1","level":"info","message":"Incoming GET request","path":"/api/download/583057e0-c9b2-4e22-9776-c3e3c42cac88","query":{},"timestamp":"2025-08-04 10:05:22","userAgent":"Mozilla/5.0 (X11; Linux x86_64; rv:142.0) Gecko/20100101 Firefox/142.0"}
{"ip":"::ffff:127.0.0.1","level":"info","message":"Incoming GET request","path":"/api/download/583057e0-c9b2-4e22-9776-c3e3c42cac88","query":{},"timestamp":"2025-08-04 10:05:27","userAgent":"Mozilla/5.0 (X11; Linux x86_64; rv:142.0) Gecko/20100101 Firefox/142.0"}
{"ip":"::ffff:127.0.0.1","level":"info","message":"Incoming GET request","path":"/api/download/583057e0-c9b2-4e22-9776-c3e3c42cac88","query":{},"timestamp":"2025-08-04 10:06:14","userAgent":"Mozilla/5.0 (X11; Linux x86_64; rv:142.0) Gecko/20100101 Firefox/142.0"}
{"level":"info","message":"Logger initialized in development mode","timestamp":"2025-08-04 10:06:58"}
{"level":"info","message":"Server is running on port 5000","timestamp":"2025-08-04 10:06:58"}
{"ip":"::ffff:127.0.0.1","level":"info","message":"Incoming GET request","path":"/api/download/583057e0-c9b2-4e22-9776-c3e3c42cac88","query":{},"timestamp":"2025-08-04 10:07:02","userAgent":"Mozilla/5.0 (X11; Linux x86_64; rv:142.0) Gecko/20100101 Firefox/142.0"}
{"ip":"::ffff:127.0.0.1","level":"info","message":"Incoming GET request","path":"/api/download/2fbb87d5-1f8f-4401-8711-85e0fa27a835","query":{},"timestamp":"2025-08-04 10:07:13","userAgent":"Mozilla/5.0 (X11; Linux x86_64; rv:142.0) Gecko/20100101 Firefox/142.0"}
{"ip":"::ffff:127.0.0.1","level":"info","message":"Incoming GET request","path":"/api/download/583057e0-c9b2-4e22-9776-c3e3c42cac88","query":{},"timestamp":"2025-08-04 10:07:16","userAgent":"Mozilla/5.0 (X11; Linux x86_64; rv:142.0) Gecko/20100101 Firefox/142.0"}
{"level":"info","message":"Logger initialized in development mode","timestamp":"2025-08-04 10:07:48"}
{"level":"info","message":"Server is running on port 5000","timestamp":"2025-08-04 10:07:48"}
{"level":"info","message":"Logger initialized in development mode","timestamp":"2025-08-04 10:07:55"}
{"level":"info","message":"Server is running on port 5000","timestamp":"2025-08-04 10:07:56"}
{"level":"info","message":"Logger initialized in development mode","timestamp":"2025-08-04 10:08:04"}
{"level":"info","message":"Server is running on port 5000","timestamp":"2025-08-04 10:08:04"}
{"level":"info","message":"Logger initialized in development mode","timestamp":"2025-08-04 10:08:06"}
{"level":"info","message":"Server is running on port 5000","timestamp":"2025-08-04 10:08:06"}
{"level":"info","message":"Logger initialized in development mode","timestamp":"2025-08-04 10:08:17"}
{"level":"info","message":"Server is running on port 5000","timestamp":"2025-08-04 10:08:18"}
{"address":"::","code":"EADDRINUSE","errno":-98,"level":"error","message":"Server failed to start: listen EADDRINUSE: address already in use :::5000","port":5000,"stack":"Error: listen EADDRINUSE: address already in use :::5000\n    at Server.setupListenHandle [as _listen2] (node:net:1908:16)\n    at listenInCluster (node:net:1965:12)\n    at Server.listen (node:net:2067:7)\n    at Function.listen (/home/yatharthDev/fileforge-backend/node_modules/express/lib/application.js:605:24)\n    at Object.<anonymous> (/home/yatharthDev/fileforge-backend/src/index.js:43:4)\n    at Module._compile (node:internal/modules/cjs/loader:1529:14)\n    at Module._extensions..js (node:internal/modules/cjs/loader:1613:10)\n    at Module.load (node:internal/modules/cjs/loader:1275:32)\n    at Module._load (node:internal/modules/cjs/loader:1096:12)\n    at Function.executeUserEntryPoint [as runMain] (node:internal/modules/run_main:164:12)","syscall":"listen","timestamp":"2025-08-04 10:08:18"}
{"level":"info","message":"Logger initialized in development mode","timestamp":"2025-08-04 10:08:49"}
{"level":"info","message":"Server is running on port 5000","timestamp":"2025-08-04 10:08:49"}
{"ip":"::ffff:127.0.0.1","level":"info","message":"Incoming GET request","path":"/api/download/583057e0-c9b2-4e22-9776-c3e3c42cac88","query":{},"timestamp":"2025-08-04 10:08:55","userAgent":"Mozilla/5.0 (X11; Linux x86_64; rv:142.0) Gecko/20100101 Firefox/142.0"}
{"level":"info","message":"Outgoing response for GET","path":"/download/583057e0-c9b2-4e22-9776-c3e3c42cac88","responseTime":786,"statusCode":500,"timestamp":"2025-08-04 10:08:56"}
{"ip":"::1","level":"info","message":"Incoming GET request","path":"/api/download/2fbb87d5-1f8f-4401-8711-85e0fa27a835","query":{},"timestamp":"2025-08-04 10:09:15","userAgent":"PostmanRuntime/7.44.1"}
{"level":"info","message":"Outgoing response for GET","path":"/download/2fbb87d5-1f8f-4401-8711-85e0fa27a835","responseTime":461,"statusCode":500,"timestamp":"2025-08-04 10:09:16"}
{"level":"info","message":"Logger initialized in development mode","timestamp":"2025-08-04 10:09:34"}
{"level":"info","message":"Server is running on port 5000","timestamp":"2025-08-04 10:09:34"}
{"level":"info","message":"Logger initialized in development mode","timestamp":"2025-08-04 10:09:34"}
{"level":"info","message":"Server is running on port 5000","timestamp":"2025-08-04 10:09:34"}
{"address":"::","code":"EADDRINUSE","errno":-98,"level":"error","message":"Server failed to start: listen EADDRINUSE: address already in use :::5000","port":5000,"stack":"Error: listen EADDRINUSE: address already in use :::5000\n    at Server.setupListenHandle [as _listen2] (node:net:1908:16)\n    at listenInCluster (node:net:1965:12)\n    at Server.listen (node:net:2067:7)\n    at Function.listen (/home/yatharthDev/fileforge-backend/node_modules/express/lib/application.js:605:24)\n    at Object.<anonymous> (/home/yatharthDev/fileforge-backend/src/index.js:43:4)\n    at Module._compile (node:internal/modules/cjs/loader:1529:14)\n    at Module._extensions..js (node:internal/modules/cjs/loader:1613:10)\n    at Module.load (node:internal/modules/cjs/loader:1275:32)\n    at Module._load (node:internal/modules/cjs/loader:1096:12)\n    at Function.executeUserEntryPoint [as runMain] (node:internal/modules/run_main:164:12)","syscall":"listen","timestamp":"2025-08-04 10:09:34"}
{"level":"info","message":"Logger initialized in development mode","timestamp":"2025-08-04 10:09:58"}
{"level":"info","message":"Server is running on port 5000","timestamp":"2025-08-04 10:09:58"}
{"body":{"email":"yatharth@yopmail.com","password":"yatharth"},"ip":"::1","level":"info","message":"Incoming POST request","path":"/api/auth/login","query":{},"timestamp":"2025-08-04 10:10:07","userAgent":"PostmanRuntime/7.44.1"}
{"level":"info","message":"Outgoing response for POST","path":"/login","responseTime":196,"statusCode":200,"timestamp":"2025-08-04 10:10:07"}
{"ip":"::1","level":"info","message":"Incoming GET request","path":"/api/get-files","query":{},"timestamp":"2025-08-04 10:10:23","userAgent":"PostmanRuntime/7.44.1"}
{"level":"info","message":"Outgoing response for GET","path":"/get-files","responseTime":64,"statusCode":200,"timestamp":"2025-08-04 10:10:23"}
{"ip":"::1","level":"info","message":"Incoming GET request","path":"/api/download/583057e0-c9b2-4e22-9776-c3e3c42cac88","query":{},"timestamp":"2025-08-04 10:10:45","userAgent":"PostmanRuntime/7.44.1"}
{"level":"info","message":"Outgoing response for GET","path":"/download/583057e0-c9b2-4e22-9776-c3e3c42cac88","responseTime":208,"statusCode":500,"timestamp":"2025-08-04 10:10:45"}
{"level":"info","message":"Logger initialized in development mode","timestamp":"2025-08-04 10:12:02"}
{"level":"info","message":"Server is running on port 5000","timestamp":"2025-08-04 10:12:02"}
{"level":"info","message":"Logger initialized in development mode","timestamp":"2025-08-04 10:12:02"}
{"level":"info","message":"Server is running on port 5000","timestamp":"2025-08-04 10:12:02"}
{"address":"::","code":"EADDRINUSE","errno":-98,"level":"error","message":"Server failed to start: listen EADDRINUSE: address already in use :::5000","port":5000,"stack":"Error: listen EADDRINUSE: address already in use :::5000\n    at Server.setupListenHandle [as _listen2] (node:net:1908:16)\n    at listenInCluster (node:net:1965:12)\n    at Server.listen (node:net:2067:7)\n    at Function.listen (/home/yatharthDev/fileforge-backend/node_modules/express/lib/application.js:605:24)\n    at Object.<anonymous> (/home/yatharthDev/fileforge-backend/src/index.js:43:4)\n    at Module._compile (node:internal/modules/cjs/loader:1529:14)\n    at Module._extensions..js (node:internal/modules/cjs/loader:1613:10)\n    at Module.load (node:internal/modules/cjs/loader:1275:32)\n    at Module._load (node:internal/modules/cjs/loader:1096:12)\n    at Function.executeUserEntryPoint [as runMain] (node:internal/modules/run_main:164:12)","syscall":"listen","timestamp":"2025-08-04 10:12:02"}
{"level":"info","message":"Logger initialized in development mode","timestamp":"2025-08-04 10:12:04"}
{"level":"info","message":"Server is running on port 5000","timestamp":"2025-08-04 10:12:04"}
{"level":"info","message":"Logger initialized in development mode","timestamp":"2025-08-04 10:12:04"}
{"level":"info","message":"Server is running on port 5000","timestamp":"2025-08-04 10:12:04"}
{"address":"::","code":"EADDRINUSE","errno":-98,"level":"error","message":"Server failed to start: listen EADDRINUSE: address already in use :::5000","port":5000,"stack":"Error: listen EADDRINUSE: address already in use :::5000\n    at Server.setupListenHandle [as _listen2] (node:net:1908:16)\n    at listenInCluster (node:net:1965:12)\n    at Server.listen (node:net:2067:7)\n    at Function.listen (/home/yatharthDev/fileforge-backend/node_modules/express/lib/application.js:605:24)\n    at Object.<anonymous> (/home/yatharthDev/fileforge-backend/src/index.js:43:4)\n    at Module._compile (node:internal/modules/cjs/loader:1529:14)\n    at Module._extensions..js (node:internal/modules/cjs/loader:1613:10)\n    at Module.load (node:internal/modules/cjs/loader:1275:32)\n    at Module._load (node:internal/modules/cjs/loader:1096:12)\n    at Function.executeUserEntryPoint [as runMain] (node:internal/modules/run_main:164:12)","syscall":"listen","timestamp":"2025-08-04 10:12:04"}
{"level":"info","message":"Logger initialized in development mode","timestamp":"2025-08-04 10:12:09"}
{"level":"info","message":"Server is running on port 5000","timestamp":"2025-08-04 10:12:09"}
{"level":"info","message":"Logger initialized in development mode","timestamp":"2025-08-04 10:12:09"}
{"level":"info","message":"Server is running on port 5000","timestamp":"2025-08-04 10:12:09"}
{"address":"::","code":"EADDRINUSE","errno":-98,"level":"error","message":"Server failed to start: listen EADDRINUSE: address already in use :::5000","port":5000,"stack":"Error: listen EADDRINUSE: address already in use :::5000\n    at Server.setupListenHandle [as _listen2] (node:net:1908:16)\n    at listenInCluster (node:net:1965:12)\n    at Server.listen (node:net:2067:7)\n    at Function.listen (/home/yatharthDev/fileforge-backend/node_modules/express/lib/application.js:605:24)\n    at Object.<anonymous> (/home/yatharthDev/fileforge-backend/src/index.js:43:4)\n    at Module._compile (node:internal/modules/cjs/loader:1529:14)\n    at Module._extensions..js (node:internal/modules/cjs/loader:1613:10)\n    at Module.load (node:internal/modules/cjs/loader:1275:32)\n    at Module._load (node:internal/modules/cjs/loader:1096:12)\n    at Function.executeUserEntryPoint [as runMain] (node:internal/modules/run_main:164:12)","syscall":"listen","timestamp":"2025-08-04 10:12:09"}
{"level":"info","message":"Logger initialized in development mode","timestamp":"2025-08-04 10:12:15"}
{"level":"info","message":"Server is running on port 5000","timestamp":"2025-08-04 10:12:16"}
{"level":"info","message":"Logger initialized in development mode","timestamp":"2025-08-04 10:12:15"}
{"level":"info","message":"Server is running on port 5000","timestamp":"2025-08-04 10:12:16"}
{"address":"::","code":"EADDRINUSE","errno":-98,"level":"error","message":"Server failed to start: listen EADDRINUSE: address already in use :::5000","port":5000,"stack":"Error: listen EADDRINUSE: address already in use :::5000\n    at Server.setupListenHandle [as _listen2] (node:net:1908:16)\n    at listenInCluster (node:net:1965:12)\n    at Server.listen (node:net:2067:7)\n    at Function.listen (/home/yatharthDev/fileforge-backend/node_modules/express/lib/application.js:605:24)\n    at Object.<anonymous> (/home/yatharthDev/fileforge-backend/src/index.js:43:4)\n    at Module._compile (node:internal/modules/cjs/loader:1529:14)\n    at Module._extensions..js (node:internal/modules/cjs/loader:1613:10)\n    at Module.load (node:internal/modules/cjs/loader:1275:32)\n    at Module._load (node:internal/modules/cjs/loader:1096:12)\n    at Function.executeUserEntryPoint [as runMain] (node:internal/modules/run_main:164:12)","syscall":"listen","timestamp":"2025-08-04 10:12:16"}
{"level":"info","message":"Logger initialized in development mode","timestamp":"2025-08-04 10:12:17"}
{"level":"info","message":"Server is running on port 5000","timestamp":"2025-08-04 10:12:17"}
{"level":"info","message":"Logger initialized in development mode","timestamp":"2025-08-04 10:12:17"}
{"level":"info","message":"Server is running on port 5000","timestamp":"2025-08-04 10:12:17"}
{"address":"::","code":"EADDRINUSE","errno":-98,"level":"error","message":"Server failed to start: listen EADDRINUSE: address already in use :::5000","port":5000,"stack":"Error: listen EADDRINUSE: address already in use :::5000\n    at Server.setupListenHandle [as _listen2] (node:net:1908:16)\n    at listenInCluster (node:net:1965:12)\n    at Server.listen (node:net:2067:7)\n    at Function.listen (/home/yatharthDev/fileforge-backend/node_modules/express/lib/application.js:605:24)\n    at Object.<anonymous> (/home/yatharthDev/fileforge-backend/src/index.js:43:4)\n    at Module._compile (node:internal/modules/cjs/loader:1529:14)\n    at Module._extensions..js (node:internal/modules/cjs/loader:1613:10)\n    at Module.load (node:internal/modules/cjs/loader:1275:32)\n    at Module._load (node:internal/modules/cjs/loader:1096:12)\n    at Function.executeUserEntryPoint [as runMain] (node:internal/modules/run_main:164:12)","syscall":"listen","timestamp":"2025-08-04 10:12:17"}
{"ip":"::1","level":"info","message":"Incoming GET request","path":"/api/download/583057e0-c9b2-4e22-9776-c3e3c42cac88","query":{},"timestamp":"2025-08-04 10:12:23","userAgent":"PostmanRuntime/7.44.1"}
{"level":"info","message":"Outgoing response for GET","path":"/download/583057e0-c9b2-4e22-9776-c3e3c42cac88","responseTime":1097,"statusCode":500,"timestamp":"2025-08-04 10:12:24"}
{"ip":"::ffff:127.0.0.1","level":"info","message":"Incoming GET request","path":"/api/download/583057e0-c9b2-4e22-9776-c3e3c42cac88","query":{},"timestamp":"2025-08-04 10:12:27","userAgent":"Mozilla/5.0 (X11; Linux x86_64; rv:142.0) Gecko/20100101 Firefox/142.0"}
{"level":"info","message":"Outgoing response for GET","path":"/download/583057e0-c9b2-4e22-9776-c3e3c42cac88","responseTime":62,"statusCode":500,"timestamp":"2025-08-04 10:12:27"}
{"ip":"::ffff:127.0.0.1","level":"info","message":"Incoming GET request","path":"/api/download/2fbb87d5-1f8f-4401-8711-85e0fa27a835","query":{},"timestamp":"2025-08-04 10:12:32","userAgent":"Mozilla/5.0 (X11; Linux x86_64; rv:142.0) Gecko/20100101 Firefox/142.0"}
{"level":"info","message":"Outgoing response for GET","path":"/download/2fbb87d5-1f8f-4401-8711-85e0fa27a835","responseTime":490,"statusCode":500,"timestamp":"2025-08-04 10:12:33"}
{"level":"info","message":"Logger initialized in development mode","timestamp":"2025-08-04 10:13:31"}
{"level":"info","message":"Server is running on port 5000","timestamp":"2025-08-04 10:13:31"}
{"ip":"::ffff:127.0.0.1","level":"info","message":"Incoming GET request","path":"/api/download/583057e0-c9b2-4e22-9776-c3e3c42cac88","query":{},"timestamp":"2025-08-04 10:13:37","userAgent":"Mozilla/5.0 (X11; Linux x86_64; rv:142.0) Gecko/20100101 Firefox/142.0"}
{"level":"info","message":"Outgoing response for GET","path":"/download/583057e0-c9b2-4e22-9776-c3e3c42cac88","responseTime":288,"statusCode":500,"timestamp":"2025-08-04 10:13:37"}
{"level":"info","message":"Logger initialized in development mode","timestamp":"2025-08-04 10:16:49"}
{"level":"info","message":"Server is running on port 5000","timestamp":"2025-08-04 10:16:50"}
{"level":"info","message":"Logger initialized in development mode","timestamp":"2025-08-04 10:16:49"}
{"level":"info","message":"Server is running on port 5000","timestamp":"2025-08-04 10:16:50"}
{"address":"::","code":"EADDRINUSE","errno":-98,"level":"error","message":"Server failed to start: listen EADDRINUSE: address already in use :::5000","port":5000,"stack":"Error: listen EADDRINUSE: address already in use :::5000\n    at Server.setupListenHandle [as _listen2] (node:net:1908:16)\n    at listenInCluster (node:net:1965:12)\n    at Server.listen (node:net:2067:7)\n    at Function.listen (/home/yatharthDev/fileforge-backend/node_modules/express/lib/application.js:605:24)\n    at Object.<anonymous> (/home/yatharthDev/fileforge-backend/src/index.js:43:4)\n    at Module._compile (node:internal/modules/cjs/loader:1529:14)\n    at Module._extensions..js (node:internal/modules/cjs/loader:1613:10)\n    at Module.load (node:internal/modules/cjs/loader:1275:32)\n    at Module._load (node:internal/modules/cjs/loader:1096:12)\n    at Function.executeUserEntryPoint [as runMain] (node:internal/modules/run_main:164:12)","syscall":"listen","timestamp":"2025-08-04 10:16:50"}
{"level":"info","message":"Logger initialized in development mode","timestamp":"2025-08-04 10:17:05"}
{"level":"info","message":"Server is running on port 5000","timestamp":"2025-08-04 10:17:05"}
{"level":"info","message":"Logger initialized in development mode","timestamp":"2025-08-04 10:17:05"}
{"level":"info","message":"Server is running on port 5000","timestamp":"2025-08-04 10:17:05"}
{"address":"::","code":"EADDRINUSE","errno":-98,"level":"error","message":"Server failed to start: listen EADDRINUSE: address already in use :::5000","port":5000,"stack":"Error: listen EADDRINUSE: address already in use :::5000\n    at Server.setupListenHandle [as _listen2] (node:net:1908:16)\n    at listenInCluster (node:net:1965:12)\n    at Server.listen (node:net:2067:7)\n    at Function.listen (/home/yatharthDev/fileforge-backend/node_modules/express/lib/application.js:605:24)\n    at Object.<anonymous> (/home/yatharthDev/fileforge-backend/src/index.js:43:4)\n    at Module._compile (node:internal/modules/cjs/loader:1529:14)\n    at Module._extensions..js (node:internal/modules/cjs/loader:1613:10)\n    at Module.load (node:internal/modules/cjs/loader:1275:32)\n    at Module._load (node:internal/modules/cjs/loader:1096:12)\n    at Function.executeUserEntryPoint [as runMain] (node:internal/modules/run_main:164:12)","syscall":"listen","timestamp":"2025-08-04 10:17:05"}
{"level":"info","message":"Logger initialized in development mode","timestamp":"2025-08-04 10:18:05"}
{"level":"info","message":"Server is running on port 5000","timestamp":"2025-08-04 10:18:05"}
{"level":"info","message":"Logger initialized in development mode","timestamp":"2025-08-04 10:18:05"}
{"level":"info","message":"Server is running on port 5000","timestamp":"2025-08-04 10:18:05"}
{"address":"::","code":"EADDRINUSE","errno":-98,"level":"error","message":"Server failed to start: listen EADDRINUSE: address already in use :::5000","port":5000,"stack":"Error: listen EADDRINUSE: address already in use :::5000\n    at Server.setupListenHandle [as _listen2] (node:net:1908:16)\n    at listenInCluster (node:net:1965:12)\n    at Server.listen (node:net:2067:7)\n    at Function.listen (/home/yatharthDev/fileforge-backend/node_modules/express/lib/application.js:605:24)\n    at Object.<anonymous> (/home/yatharthDev/fileforge-backend/src/index.js:43:4)\n    at Module._compile (node:internal/modules/cjs/loader:1529:14)\n    at Module._extensions..js (node:internal/modules/cjs/loader:1613:10)\n    at Module.load (node:internal/modules/cjs/loader:1275:32)\n    at Module._load (node:internal/modules/cjs/loader:1096:12)\n    at Function.executeUserEntryPoint [as runMain] (node:internal/modules/run_main:164:12)","syscall":"listen","timestamp":"2025-08-04 10:18:05"}
{"level":"info","message":"Logger initialized in development mode","timestamp":"2025-08-04 10:18:11"}
{"level":"info","message":"Server is running on port 5000","timestamp":"2025-08-04 10:18:12"}
{"level":"info","message":"Logger initialized in development mode","timestamp":"2025-08-04 10:18:11"}
{"level":"info","message":"Server is running on port 5000","timestamp":"2025-08-04 10:18:12"}
{"address":"::","code":"EADDRINUSE","errno":-98,"level":"error","message":"Server failed to start: listen EADDRINUSE: address already in use :::5000","port":5000,"stack":"Error: listen EADDRINUSE: address already in use :::5000\n    at Server.setupListenHandle [as _listen2] (node:net:1908:16)\n    at listenInCluster (node:net:1965:12)\n    at Server.listen (node:net:2067:7)\n    at Function.listen (/home/yatharthDev/fileforge-backend/node_modules/express/lib/application.js:605:24)\n    at Object.<anonymous> (/home/yatharthDev/fileforge-backend/src/index.js:43:4)\n    at Module._compile (node:internal/modules/cjs/loader:1529:14)\n    at Module._extensions..js (node:internal/modules/cjs/loader:1613:10)\n    at Module.load (node:internal/modules/cjs/loader:1275:32)\n    at Module._load (node:internal/modules/cjs/loader:1096:12)\n    at Function.executeUserEntryPoint [as runMain] (node:internal/modules/run_main:164:12)","syscall":"listen","timestamp":"2025-08-04 10:18:12"}
{"ip":"::1","level":"info","message":"Incoming POST request","path":"/api/upload-file","query":{},"timestamp":"2025-08-04 10:20:14","userAgent":"PostmanRuntime/7.44.1"}
{"level":"info","message":"Outgoing response for POST","path":"/upload-file","responseTime":2738,"statusCode":500,"timestamp":"2025-08-04 10:20:17"}
{"level":"info","message":"Logger initialized in development mode","timestamp":"2025-08-04 10:20:36"}
{"level":"info","message":"Server is running on port 5000","timestamp":"2025-08-04 10:20:36"}
{"level":"info","message":"Logger initialized in development mode","timestamp":"2025-08-04 10:20:36"}
{"level":"info","message":"Server is running on port 5000","timestamp":"2025-08-04 10:20:36"}
{"address":"::","code":"EADDRINUSE","errno":-98,"level":"error","message":"Server failed to start: listen EADDRINUSE: address already in use :::5000","port":5000,"stack":"Error: listen EADDRINUSE: address already in use :::5000\n    at Server.setupListenHandle [as _listen2] (node:net:1908:16)\n    at listenInCluster (node:net:1965:12)\n    at Server.listen (node:net:2067:7)\n    at Function.listen (/home/yatharthDev/fileforge-backend/node_modules/express/lib/application.js:605:24)\n    at Object.<anonymous> (/home/yatharthDev/fileforge-backend/src/index.js:43:4)\n    at Module._compile (node:internal/modules/cjs/loader:1529:14)\n    at Module._extensions..js (node:internal/modules/cjs/loader:1613:10)\n    at Module.load (node:internal/modules/cjs/loader:1275:32)\n    at Module._load (node:internal/modules/cjs/loader:1096:12)\n    at Function.executeUserEntryPoint [as runMain] (node:internal/modules/run_main:164:12)","syscall":"listen","timestamp":"2025-08-04 10:20:36"}
{"level":"info","message":"Logger initialized in development mode","timestamp":"2025-08-04 10:20:48"}
{"level":"info","message":"Server is running on port 5000","timestamp":"2025-08-04 10:20:49"}
{"address":"::","code":"EADDRINUSE","errno":-98,"level":"error","message":"Server failed to start: listen EADDRINUSE: address already in use :::5000","port":5000,"stack":"Error: listen EADDRINUSE: address already in use :::5000\n    at Server.setupListenHandle [as _listen2] (node:net:1908:16)\n    at listenInCluster (node:net:1965:12)\n    at Server.listen (node:net:2067:7)\n    at Function.listen (/home/yatharthDev/fileforge-backend/node_modules/express/lib/application.js:605:24)\n    at Object.<anonymous> (/home/yatharthDev/fileforge-backend/src/index.js:43:4)\n    at Module._compile (node:internal/modules/cjs/loader:1529:14)\n    at Module._extensions..js (node:internal/modules/cjs/loader:1613:10)\n    at Module.load (node:internal/modules/cjs/loader:1275:32)\n    at Module._load (node:internal/modules/cjs/loader:1096:12)\n    at Function.executeUserEntryPoint [as runMain] (node:internal/modules/run_main:164:12)","syscall":"listen","timestamp":"2025-08-04 10:20:49"}
{"level":"info","message":"Logger initialized in development mode","timestamp":"2025-08-04 10:21:13"}
{"level":"info","message":"Server is running on port 5000","timestamp":"2025-08-04 10:21:13"}
{"ip":"::1","level":"info","message":"Incoming POST request","path":"/api/upload-file","query":{},"timestamp":"2025-08-04 10:21:17","userAgent":"PostmanRuntime/7.44.1"}
{"level":"info","message":"Outgoing response for POST","path":"/upload-file","responseTime":2704,"statusCode":500,"timestamp":"2025-08-04 10:21:19"}
{"level":"info","message":"Logger initialized in development mode","timestamp":"2025-08-05 00:39:18"}
{"level":"info","message":"Server is running on port 5000","timestamp":"2025-08-05 00:39:18"}
{"level":"info","message":"Logger initialized in development mode","timestamp":"2025-08-05 00:39:34"}
{"level":"info","message":"Server is running on port 5000","timestamp":"2025-08-05 00:39:35"}
{"ip":"::ffff:127.0.0.1","level":"info","message":"Incoming GET request","path":"/api/auth/user","query":{},"timestamp":"2025-08-05 00:39:41","userAgent":"Mozilla/5.0 (X11; Linux x86_64; rv:142.0) Gecko/20100101 Firefox/142.0"}
{"level":"info","message":"Outgoing response for GET","path":"/user","responseTime":118,"statusCode":200,"timestamp":"2025-08-05 00:39:41"}
{"ip":"::ffff:127.0.0.1","level":"info","message":"Incoming GET request","path":"/api/auth/user","query":{},"timestamp":"2025-08-05 00:39:41","userAgent":"Mozilla/5.0 (X11; Linux x86_64; rv:142.0) Gecko/20100101 Firefox/142.0"}
{"level":"info","message":"Outgoing response for GET","path":"/user","responseTime":13,"statusCode":200,"timestamp":"2025-08-05 00:39:41"}
{"ip":"::ffff:127.0.0.1","level":"info","message":"Incoming GET request","path":"/api/get-files","query":{"limit":"12","page":"1"},"timestamp":"2025-08-05 00:39:42","userAgent":"Mozilla/5.0 (X11; Linux x86_64; rv:142.0) Gecko/20100101 Firefox/142.0"}
{"level":"info","message":"Outgoing response for GET","path":"/get-files","responseTime":187,"statusCode":200,"timestamp":"2025-08-05 00:39:42"}
{"ip":"::ffff:127.0.0.1","level":"info","message":"Incoming GET request","path":"/api/get-files","query":{"limit":"12","page":"1"},"timestamp":"2025-08-05 00:39:42","userAgent":"Mozilla/5.0 (X11; Linux x86_64; rv:142.0) Gecko/20100101 Firefox/142.0"}
{"level":"info","message":"Outgoing response for GET","path":"/get-files","responseTime":11,"statusCode":200,"timestamp":"2025-08-05 00:39:42"}
{"ip":"::ffff:127.0.0.1","level":"info","message":"Incoming GET request","path":"/api/auth/user","query":{},"timestamp":"2025-08-05 00:39:44","userAgent":"Mozilla/5.0 (X11; Linux x86_64; rv:142.0) Gecko/20100101 Firefox/142.0"}
{"level":"info","message":"Outgoing response for GET","path":"/user","responseTime":17,"statusCode":200,"timestamp":"2025-08-05 00:39:44"}
{"ip":"::ffff:127.0.0.1","level":"info","message":"Incoming GET request","path":"/api/auth/user","query":{},"timestamp":"2025-08-05 00:39:44","userAgent":"Mozilla/5.0 (X11; Linux x86_64; rv:142.0) Gecko/20100101 Firefox/142.0"}
{"level":"info","message":"Outgoing response for GET","path":"/user","responseTime":6,"statusCode":200,"timestamp":"2025-08-05 00:39:44"}
{"body":{"email":"yatharth@yopmail.com","password":"yatharth"},"ip":"::ffff:127.0.0.1","level":"info","message":"Incoming POST request","path":"/api/auth/login","query":{},"timestamp":"2025-08-05 00:39:46","userAgent":"Mozilla/5.0 (X11; Linux x86_64; rv:142.0) Gecko/20100101 Firefox/142.0"}
{"level":"info","message":"Outgoing response for POST","path":"/login","responseTime":245,"statusCode":200,"timestamp":"2025-08-05 00:39:46"}
{"ip":"::ffff:127.0.0.1","level":"info","message":"Incoming GET request","path":"/api/auth/user","query":{},"timestamp":"2025-08-05 00:39:46","userAgent":"Mozilla/5.0 (X11; Linux x86_64; rv:142.0) Gecko/20100101 Firefox/142.0"}
{"level":"info","message":"Outgoing response for GET","path":"/user","responseTime":8,"statusCode":200,"timestamp":"2025-08-05 00:39:46"}
{"ip":"::ffff:127.0.0.1","level":"info","message":"Incoming GET request","path":"/api/get-files","query":{"limit":"12","page":"1"},"timestamp":"2025-08-05 00:39:48","userAgent":"Mozilla/5.0 (X11; Linux x86_64; rv:142.0) Gecko/20100101 Firefox/142.0"}
{"level":"info","message":"Outgoing response for GET","path":"/get-files","responseTime":7,"statusCode":200,"timestamp":"2025-08-05 00:39:48"}
{"ip":"::ffff:127.0.0.1","level":"info","message":"Incoming GET request","path":"/api/get-files","query":{"limit":"12","page":"1"},"timestamp":"2025-08-05 00:39:48","userAgent":"Mozilla/5.0 (X11; Linux x86_64; rv:142.0) Gecko/20100101 Firefox/142.0"}
{"level":"info","message":"Outgoing response for GET","path":"/get-files","responseTime":26,"statusCode":200,"timestamp":"2025-08-05 00:39:48"}
{"ip":"::ffff:127.0.0.1","level":"info","message":"Incoming POST request","path":"/api/upload-file","query":{},"timestamp":"2025-08-05 00:39:58","userAgent":"Mozilla/5.0 (X11; Linux x86_64; rv:142.0) Gecko/20100101 Firefox/142.0"}
{"level":"info","message":"Outgoing response for POST","path":"/upload-file","responseTime":12,"statusCode":400,"timestamp":"2025-08-05 00:39:58"}
{"ip":"::ffff:127.0.0.1","level":"info","message":"Incoming GET request","path":"/api/get-files","query":{"limit":"12","page":"1"},"timestamp":"2025-08-05 00:39:58","userAgent":"Mozilla/5.0 (X11; Linux x86_64; rv:142.0) Gecko/20100101 Firefox/142.0"}
{"level":"info","message":"Outgoing response for GET","path":"/get-files","responseTime":10,"statusCode":200,"timestamp":"2025-08-05 00:39:58"}
{"ip":"::ffff:127.0.0.1","level":"info","message":"Incoming POST request","path":"/api/upload-file","query":{},"timestamp":"2025-08-05 00:40:05","userAgent":"Mozilla/5.0 (X11; Linux x86_64; rv:142.0) Gecko/20100101 Firefox/142.0"}
{"level":"info","message":"Outgoing response for POST","path":"/upload-file","responseTime":6858,"statusCode":500,"timestamp":"2025-08-05 00:40:12"}
{"ip":"::ffff:127.0.0.1","level":"info","message":"Incoming GET request","path":"/api/get-files","query":{"limit":"12","page":"1"},"timestamp":"2025-08-05 00:40:14","userAgent":"Mozilla/5.0 (X11; Linux x86_64; rv:142.0) Gecko/20100101 Firefox/142.0"}
{"level":"info","message":"Outgoing response for GET","path":"/get-files","responseTime":6,"statusCode":200,"timestamp":"2025-08-05 00:40:14"}
{"level":"info","message":"Logger initialized in development mode","timestamp":"2025-08-05 00:40:30"}
{"level":"info","message":"Server is running on port 5000","timestamp":"2025-08-05 00:40:31"}
{"level":"info","message":"Logger initialized in development mode","timestamp":"2025-08-05 00:40:33"}
{"level":"info","message":"Server is running on port 5000","timestamp":"2025-08-05 00:40:34"}
{"level":"info","message":"Logger initialized in development mode","timestamp":"2025-08-05 00:42:11"}
{"level":"info","message":"Server is running on port 5000","timestamp":"2025-08-05 00:42:11"}
{"ip":"::ffff:127.0.0.1","level":"info","message":"Incoming POST request","path":"/api/upload-file","query":{},"timestamp":"2025-08-05 00:42:40","userAgent":"Mozilla/5.0 (X11; Linux x86_64; rv:142.0) Gecko/20100101 Firefox/142.0"}
{"level":"info","message":"Outgoing response for POST","path":"/upload-file","responseTime":3658,"statusCode":500,"timestamp":"2025-08-05 00:42:44"}
{"ip":"::ffff:127.0.0.1","level":"info","message":"Incoming GET request","path":"/api/get-files","query":{"limit":"12","page":"1"},"timestamp":"2025-08-05 00:42:45","userAgent":"Mozilla/5.0 (X11; Linux x86_64; rv:142.0) Gecko/20100101 Firefox/142.0"}
{"level":"info","message":"Outgoing response for GET","path":"/get-files","responseTime":15,"statusCode":200,"timestamp":"2025-08-05 00:42:45"}
{"ip":"::ffff:127.0.0.1","level":"info","message":"Incoming POST request","path":"/api/upload-file","query":{},"timestamp":"2025-08-05 00:42:54","userAgent":"Mozilla/5.0 (X11; Linux x86_64; rv:142.0) Gecko/20100101 Firefox/142.0"}
{"level":"info","message":"Outgoing response for POST","path":"/upload-file","responseTime":3061,"statusCode":500,"timestamp":"2025-08-05 00:42:57"}
{"ip":"::ffff:127.0.0.1","level":"info","message":"Incoming GET request","path":"/api/get-files","query":{"limit":"12","page":"1"},"timestamp":"2025-08-05 00:42:57","userAgent":"Mozilla/5.0 (X11; Linux x86_64; rv:142.0) Gecko/20100101 Firefox/142.0"}
{"level":"info","message":"Outgoing response for GET","path":"/get-files","responseTime":6,"statusCode":200,"timestamp":"2025-08-05 00:42:57"}
{"level":"info","message":"Logger initialized in development mode","timestamp":"2025-08-05 00:44:08"}
{"level":"info","message":"Server is running on port 5000","timestamp":"2025-08-05 00:44:08"}
{"ip":"::1","level":"info","message":"Incoming POST request","path":"/api/upload-file","query":{},"timestamp":"2025-08-05 00:52:53","userAgent":"PostmanRuntime/7.44.1"}
{"level":"info","message":"Outgoing response for POST","path":"/upload-file","responseTime":5,"statusCode":403,"timestamp":"2025-08-05 00:52:53"}
{"body":{"email":"yatharth@yopmail.com","password":"yatharth"},"ip":"::1","level":"info","message":"Incoming POST request","path":"/api/auth/login","query":{},"timestamp":"2025-08-05 00:52:58","userAgent":"PostmanRuntime/7.44.1"}
{"level":"info","message":"Outgoing response for POST","path":"/login","responseTime":166,"statusCode":200,"timestamp":"2025-08-05 00:52:58"}
{"ip":"::1","level":"info","message":"Incoming POST request","path":"/api/upload-file","query":{},"timestamp":"2025-08-05 00:53:11","userAgent":"PostmanRuntime/7.44.1"}
{"level":"info","message":"Outgoing response for POST","path":"/upload-file","responseTime":2934,"statusCode":500,"timestamp":"2025-08-05 00:53:14"}
{"level":"info","message":"Logger initialized in development mode","timestamp":"2025-08-05 00:59:16"}
{"level":"info","message":"Server is running on port 5000","timestamp":"2025-08-05 00:59:16"}
{"level":"info","message":"Logger initialized in development mode","timestamp":"2025-08-05 00:59:24"}
{"level":"info","message":"Server is running on port 5000","timestamp":"2025-08-05 00:59:24"}
{"level":"info","message":"Logger initialized in development mode","timestamp":"2025-08-05 00:59:29"}
{"level":"info","message":"Server is running on port 5000","timestamp":"2025-08-05 00:59:29"}
{"level":"info","message":"Logger initialized in development mode","timestamp":"2025-08-05 00:59:50"}
{"level":"info","message":"Server is running on port 5000","timestamp":"2025-08-05 00:59:50"}
{"ip":"::1","level":"info","message":"Incoming POST request","path":"/api/upload-file","query":{},"timestamp":"2025-08-05 01:00:12","userAgent":"PostmanRuntime/7.44.1"}
{"level":"info","message":"Outgoing response for POST","path":"/upload-file","responseTime":5327,"statusCode":500,"timestamp":"2025-08-05 01:00:17"}
{"level":"info","message":"Logger initialized in development mode","timestamp":"2025-08-05 01:00:57"}
{"level":"info","message":"Server is running on port 5000","timestamp":"2025-08-05 01:00:58"}
{"level":"info","message":"Logger initialized in development mode","timestamp":"2025-08-05 01:01:02"}
{"level":"info","message":"Server is running on port 5000","timestamp":"2025-08-05 01:01:03"}
{"ip":"::1","level":"info","message":"Incoming POST request","path":"/api/upload-file","query":{},"timestamp":"2025-08-05 01:01:10","userAgent":"PostmanRuntime/7.44.1"}
{"level":"info","message":"Outgoing response for POST","path":"/upload-file","responseTime":3665,"statusCode":200,"timestamp":"2025-08-05 01:01:13"}
{"level":"info","message":"Logger initialized in development mode","timestamp":"2025-08-05 01:01:20"}
{"level":"info","message":"Server is running on port 5000","timestamp":"2025-08-05 01:01:20"}
{"ip":"::ffff:127.0.0.1","level":"info","message":"Incoming POST request","path":"/api/upload-file","query":{},"timestamp":"2025-08-05 01:01:46","userAgent":"Mozilla/5.0 (X11; Linux x86_64; rv:142.0) Gecko/20100101 Firefox/142.0"}
{"level":"info","message":"Outgoing response for POST","path":"/upload-file","responseTime":4178,"statusCode":200,"timestamp":"2025-08-05 01:01:50"}
{"ip":"::ffff:127.0.0.1","level":"info","message":"Incoming GET request","path":"/api/get-files","query":{"limit":"12","page":"1"},"timestamp":"2025-08-05 01:01:50","userAgent":"Mozilla/5.0 (X11; Linux x86_64; rv:142.0) Gecko/20100101 Firefox/142.0"}
{"level":"info","message":"Outgoing response for GET","path":"/get-files","responseTime":12,"statusCode":200,"timestamp":"2025-08-05 01:01:50"}
{"ip":"::ffff:127.0.0.1","level":"info","message":"Incoming GET request","path":"/api/download/38ff69a0-4dfe-478a-aee2-7cd90c925d71","query":{},"timestamp":"2025-08-05 01:02:01","userAgent":"Mozilla/5.0 (X11; Linux x86_64; rv:142.0) Gecko/20100101 Firefox/142.0"}
{"level":"info","message":"Outgoing response for GET","path":"/download/38ff69a0-4dfe-478a-aee2-7cd90c925d71","responseTime":915,"statusCode":500,"timestamp":"2025-08-05 01:02:02"}
